[0.010s] Invoking command in '/home/robo/ros2_dy_ws/src/build/dynamixel_sdk_examples': AMENT_PREFIX_PATH=/home/robo/ros2_dy_ws/src/install/dynamixel_sdk_custom_interfaces:/home/robo/ros2_dy_ws/src/install/dynamixel_sdk:${AMENT_PREFIX_PATH} CMAKE_PREFIX_PATH=/home/robo/ros2_dy_ws/src/install/dynamixel_sdk_custom_interfaces:/home/robo/ros2_dy_ws/src/install/dynamixel_sdk:/home/robo/ros2_dy_ws/install/dynamixel_sdk_examples:/home/robo/ros2_dy_ws/install/dynamixel_sdk_custom_interfaces:/home/robo/ros2_dy_ws/install/dynamixel_sdk:/home/robo/ros2_dy_ws/install/cpp_pubsub:/home/robo/ros2_dy_ws/src/DynamixelSDK/dynamixel_sdk_examples/install/dynamixel_sdk_examples:/home/robo/positionmotor_massi_pkg/install/positionmotor_massi_pkg:/home/robo/lixo/install/dynamixel_sdk_examples:/home/robo/lixo/install/dynamixel_sdk_custom_interfaces:/home/robo/lixo/install/dynamixel_sdk:/home/robo/ros2_ws/install/turtlesim:/home/robo/ros2_ws/install/positionmotor_massi_pkg:/opt/ros/humble LD_LIBRARY_PATH=/home/robo/ros2_dy_ws/src/install/dynamixel_sdk_custom_interfaces/lib:/home/robo/ros2_dy_ws/src/install/dynamixel_sdk/lib:${LD_LIBRARY_PATH} PYTHONPATH=/home/robo/ros2_dy_ws/src/install/dynamixel_sdk_custom_interfaces/local/lib/python3.10/dist-packages:${PYTHONPATH} /home/robo/.local/bin/cmake --build /home/robo/ros2_dy_ws/src/build/dynamixel_sdk_examples -- -j12 -l12
[0.045s] [ 25%] Built target read_write_node
[0.045s] [ 50%] Built target set
[0.046s] [ 62%] [32mBuilding CXX object CMakeFiles/get.dir/src/dynamixel_controller_sub.cpp.o[0m
[0.047s] [ 87%] Built target controller
[1.293s] [01m[K/home/robo/ros2_dy_ws/src/DynamixelSDK/dynamixel_sdk_examples/src/dynamixel_controller_sub.cpp:19:64:[m[K [01;31m[Kerror: [m[Kâ€˜[01m[Ksrv[m[Kâ€™ in namespace â€˜[01m[Kdynamixel_sdk_custom_interfaces[m[Kâ€™ does not name a type
[1.293s]    19 |     void topic_callback(const dynamixel_sdk_custom_interfaces::[01;31m[Ksrv[m[K::GetPosition::SharedPtr message) const
[1.293s]       |                                                                [01;31m[K^~~[m[K
[1.294s] [01m[K/home/robo/ros2_dy_ws/src/DynamixelSDK/dynamixel_sdk_examples/src/dynamixel_controller_sub.cpp:19:80:[m[K [01;31m[Kerror: [m[Kexpected unqualified-id before â€˜[01m[K::[m[Kâ€™ token
[1.294s]    19 |     void topic_callback(const dynamixel_sdk_custom_interfaces::srv::GetPosition[01;31m[K::[m[KSharedPtr message) const
[1.294s]       |                                                                                [01;31m[K^~[m[K
[1.294s] [01m[K/home/robo/ros2_dy_ws/src/DynamixelSDK/dynamixel_sdk_examples/src/dynamixel_controller_sub.cpp:19:80:[m[K [01;31m[Kerror: [m[Kexpected â€˜[01m[K)[m[Kâ€™ before â€˜[01m[K::[m[Kâ€™ token
[1.294s]    19 |     void topic_callback[34m[K([m[Kconst dynamixel_sdk_custom_interfaces::srv::GetPosition[01;31m[K:[m[K[32m[K:[m[KSharedPtr message) const
[1.294s]       |                        [34m[K~[m[K                                                       [01;31m[K^[m[K[32m[K~[m[K
[1.294s]       |                                                                                [32m[K)[m[K
[1.294s] [01m[K/home/robo/ros2_dy_ws/src/DynamixelSDK/dynamixel_sdk_examples/src/dynamixel_controller_sub.cpp:19:69:[m[K [01;31m[Kerror: [m[Kexpected â€˜[01m[K;[m[Kâ€™ at end of member declaration
[1.294s]    19 |     void topic_callback(const dynamixel_sdk_custom_interfaces::srv::[01;31m[KGetPosition[m[K::SharedPtr message) const
[1.294s]       |                                                                     [01;31m[K^~~~~~~~~~~[m[K
[1.294s]       |                                                                                [32m[K;[m[K
[1.295s] [01m[K/home/robo/ros2_dy_ws/src/DynamixelSDK/dynamixel_sdk_examples/src/dynamixel_controller_sub.cpp:19:82:[m[K [01;31m[Kerror: [m[Kâ€˜[01m[KSharedPtr[m[Kâ€™ in namespace â€˜[01m[K::[m[Kâ€™ does not name a type
[1.295s]    19 |     void topic_callback(const dynamixel_sdk_custom_interfaces::srv::GetPosition::[01;31m[KSharedPtr[m[K message) const
[1.295s]       |                                                                                  [01;31m[K^~~~~~~~~[m[K
[1.295s] [01m[K/home/robo/ros2_dy_ws/src/DynamixelSDK/dynamixel_sdk_examples/src/dynamixel_controller_sub.cpp:23:59:[m[K [01;31m[Kerror: [m[Kâ€˜[01m[Ksrv[m[Kâ€™ is not a member of â€˜[01m[Kdynamixel_sdk_custom_interfaces[m[Kâ€™; did you mean â€˜[01m[Krcl_interfaces::srv[m[Kâ€™?
[1.295s]    23 |     rclcpp::Subscription<dynamixel_sdk_custom_interfaces::[01;31m[Ksrv[m[K::GetPosition>::SharedPtr subscription_;
[1.296s]       |                                                           [01;31m[K^~~[m[K
[1.296s] In file included from [01m[K/opt/ros/humble/include/rcl_interfaces/rcl_interfaces/srv/describe_parameters.hpp:7[m[K,
[1.296s]                  from [01m[K/opt/ros/humble/include/rclcpp/rclcpp/parameter_client.hpp:28[m[K,
[1.296s]                  from [01m[K/opt/ros/humble/include/rclcpp/rclcpp/rclcpp.hpp:159[m[K,
[1.296s]                  from [01m[K/home/robo/ros2_dy_ws/src/DynamixelSDK/dynamixel_sdk_examples/src/dynamixel_controller_sub.cpp:6[m[K:
[1.296s] [01m[K/opt/ros/humble/include/rcl_interfaces/rcl_interfaces/srv/detail/describe_parameters__struct.hpp:27:11:[m[K [01;36m[Knote: [m[Kâ€˜[01m[Krcl_interfaces::srv[m[Kâ€™ declared here
[1.296s]    27 | namespace [01;36m[Ksrv[m[K
[1.296s]       |           [01;36m[K^~~[m[K
[1.296s] [01m[K/home/robo/ros2_dy_ws/src/DynamixelSDK/dynamixel_sdk_examples/src/dynamixel_controller_sub.cpp:23:75:[m[K [01;31m[Kerror: [m[Ktemplate argument 1 is invalid
[1.296s]    23 |     rclcpp::Subscription<dynamixel_sdk_custom_interfaces::srv::GetPosition[01;31m[K>[m[K::SharedPtr subscription_;
[1.296s]       |                                                                           [01;31m[K^[m[K
[1.296s] [01m[K/home/robo/ros2_dy_ws/src/DynamixelSDK/dynamixel_sdk_examples/src/dynamixel_controller_sub.cpp:23:75:[m[K [01;31m[Kerror: [m[Ktemplate argument 3 is invalid
[1.296s] [01m[K/home/robo/ros2_dy_ws/src/DynamixelSDK/dynamixel_sdk_examples/src/dynamixel_controller_sub.cpp:23:75:[m[K [01;31m[Kerror: [m[Ktemplate argument 4 is invalid
[1.296s] [01m[K/home/robo/ros2_dy_ws/src/DynamixelSDK/dynamixel_sdk_examples/src/dynamixel_controller_sub.cpp:23:75:[m[K [01;31m[Kerror: [m[Ktemplate argument 5 is invalid
[1.296s] [01m[K/home/robo/ros2_dy_ws/src/DynamixelSDK/dynamixel_sdk_examples/src/dynamixel_controller_sub.cpp:23:78:[m[K [01;31m[Kerror: [m[Kexpected â€˜[01m[K;[m[Kâ€™ at end of member declaration
[1.297s]    23 |     rclcpp::Subscription<dynamixel_sdk_custom_interfaces::srv::GetPosition>::[01;31m[KSharedPtr[m[K subscription_;
[1.297s]       |                                                                              [01;31m[K^~~~~~~~~[m[K
[1.297s]       |                                                                                       [32m[K;[m[K
[1.297s] [01m[K/home/robo/ros2_dy_ws/src/DynamixelSDK/dynamixel_sdk_examples/src/dynamixel_controller_sub.cpp:23:88:[m[K [01;31m[Kerror: [m[Kâ€˜[01m[Ksubscription_[m[Kâ€™ does not name a type; did you mean â€˜[01m[Krmw_subscription_t[m[Kâ€™?
[1.297s]    23 |     rclcpp::Subscription<dynamixel_sdk_custom_interfaces::srv::GetPosition>::SharedPtr [01;31m[Ksubscription_[m[K;
[1.297s]       |                                                                                        [01;31m[K^~~~~~~~~~~~~[m[K
[1.297s]       |                                                                                        [32m[Krmw_subscription_t[m[K
[1.301s] [01m[K/home/robo/ros2_dy_ws/src/DynamixelSDK/dynamixel_sdk_examples/src/dynamixel_controller_sub.cpp:[m[K In constructor â€˜[01m[KMinimalSubscriber::MinimalSubscriber()[m[Kâ€™:
[1.301s] [01m[K/home/robo/ros2_dy_ws/src/DynamixelSDK/dynamixel_sdk_examples/src/dynamixel_controller_sub.cpp:15:7:[m[K [01;31m[Kerror: [m[Kâ€˜[01m[Ksubscription_[m[Kâ€™ was not declared in this scope; did you mean â€˜[01m[Krmw_subscription_t[m[Kâ€™?
[1.301s]    15 |       [01;31m[Ksubscription_[m[K = this->create_subscription<dynamixel_sdk_custom_interfaces::srv::GetPosition>(
[1.302s]       |       [01;31m[K^~~~~~~~~~~~~[m[K
[1.302s]       |       [32m[Krmw_subscription_t[m[K
[1.302s] [01m[K/home/robo/ros2_dy_ws/src/DynamixelSDK/dynamixel_sdk_examples/src/dynamixel_controller_sub.cpp:15:82:[m[K [01;31m[Kerror: [m[Kâ€˜[01m[Ksrv[m[Kâ€™ is not a member of â€˜[01m[Kdynamixel_sdk_custom_interfaces[m[Kâ€™; did you mean â€˜[01m[Krcl_interfaces::srv[m[Kâ€™?
[1.302s]    15 |       subscription_ = this->create_subscription<dynamixel_sdk_custom_interfaces::[01;31m[Ksrv[m[K::GetPosition>(
[1.302s]       |                                                                                  [01;31m[K^~~[m[K
[1.302s] In file included from [01m[K/opt/ros/humble/include/rcl_interfaces/rcl_interfaces/srv/describe_parameters.hpp:7[m[K,
[1.302s]                  from [01m[K/opt/ros/humble/include/rclcpp/rclcpp/parameter_client.hpp:28[m[K,
[1.302s]                  from [01m[K/opt/ros/humble/include/rclcpp/rclcpp/rclcpp.hpp:159[m[K,
[1.302s]                  from [01m[K/home/robo/ros2_dy_ws/src/DynamixelSDK/dynamixel_sdk_examples/src/dynamixel_controller_sub.cpp:6[m[K:
[1.302s] [01m[K/opt/ros/humble/include/rcl_interfaces/rcl_interfaces/srv/detail/describe_parameters__struct.hpp:27:11:[m[K [01;36m[Knote: [m[Kâ€˜[01m[Krcl_interfaces::srv[m[Kâ€™ declared here
[1.302s]    27 | namespace [01;36m[Ksrv[m[K
[1.302s]       |           [01;36m[K^~~[m[K
[1.302s] [01m[K/home/robo/ros2_dy_ws/src/DynamixelSDK/dynamixel_sdk_examples/src/dynamixel_controller_sub.cpp:15:29:[m[K [01;31m[Kerror: [m[Kparse error in template argument list
[1.302s]    15 |       subscription_ = this->[01;31m[Kcreate_subscription<dynamixel_sdk_custom_interfaces::srv::GetPosition>[m[K(
[1.302s]       |                             [01;31m[K^~~~~~~~~~~~~~~~~~~~~~~~~~~~~~~~~~~~~~~~~~~~~~~~~~~~~~~~~~~~~~~~~~~~~~[m[K
[1.304s] [01m[K/home/robo/ros2_dy_ws/src/DynamixelSDK/dynamixel_sdk_examples/src/dynamixel_controller_sub.cpp:15:99:[m[K [01;31m[Kerror: [m[Kno matching function for call to â€˜[01m[KMinimalSubscriber::create_subscription<<expression error> >(const char [13], int, std::_Bind_helper<false, void (MinimalSubscriber::*)(...), MinimalSubscriber*, const std::_Placeholder<1>&>::type)[m[Kâ€™
[1.304s]    15 |       subscription_ = [01;31m[Kthis->create_subscription<dynamixel_sdk_custom_interfaces::srv::GetPosition>([m[K
[1.305s]       |                       [01;31m[K~~~~~~~~~~~~~~~~~~~~~~~~~~~~~~~~~~~~~~~~~~~~~~~~~~~~~~~~~~~~~~~~~~~~~~~~~~~~^[m[K
[1.305s]    16 | [01;31m[K      "get_position", 10, std::bind(&MinimalSubscriber::topic_callback, this, _1))[m[K;
[1.305s]       |       [01;31m[K~~~~~~~~~~~~~~~~~~~~~~~~~~~~~~~~~~~~~~~~~~~~~~~~~~~~~~~~~~~~~~~~~~~~~~~~~~~~[m[K                 
[1.305s] In file included from [01m[K/opt/ros/humble/include/rclcpp/rclcpp/executors/single_threaded_executor.hpp:28[m[K,
[1.305s]                  from [01m[K/opt/ros/humble/include/rclcpp/rclcpp/executors.hpp:22[m[K,
[1.305s]                  from [01m[K/opt/ros/humble/include/rclcpp/rclcpp/rclcpp.hpp:155[m[K,
[1.305s]                  from [01m[K/home/robo/ros2_dy_ws/src/DynamixelSDK/dynamixel_sdk_examples/src/dynamixel_controller_sub.cpp:6[m[K:
[1.305s] [01m[K/opt/ros/humble/include/rclcpp/rclcpp/node.hpp:219:3:[m[K [01;36m[Knote: [m[Kcandidate: â€˜[01m[Ktemplate<class MessageT, class CallbackT, class AllocatorT, class SubscriptionT, class MessageMemoryStrategyT> std::shared_ptr<ROSMessageT> rclcpp::Node::create_subscription(const string&, const rclcpp::QoS&, CallbackT&&, const rclcpp::SubscriptionOptionsWithAllocator<AllocatorT>&, typename MessageMemoryStrategyT::SharedPtr)[m[Kâ€™
[1.305s]   219 |   [01;36m[Kcreate_subscription[m[K(
[1.305s]       |   [01;36m[K^~~~~~~~~~~~~~~~~~~[m[K
[1.305s] [01m[K/opt/ros/humble/include/rclcpp/rclcpp/node.hpp:219:3:[m[K [01;36m[Knote: [m[K  template argument deduction/substitution failed:
[1.305s] [01m[K/home/robo/ros2_dy_ws/src/DynamixelSDK/dynamixel_sdk_examples/src/dynamixel_controller_sub.cpp:15:99:[m[K [01;31m[Kerror: [m[Ktemplate argument 1 is invalid
[1.305s]    15 |       subscription_ = [01;31m[Kthis->create_subscription<dynamixel_sdk_custom_interfaces::srv::GetPosition>([m[K
[1.305s]       |                       [01;31m[K~~~~~~~~~~~~~~~~~~~~~~~~~~~~~~~~~~~~~~~~~~~~~~~~~~~~~~~~~~~~~~~~~~~~~~~~~~~~^[m[K
[1.305s]    16 | [01;31m[K      "get_position", 10, std::bind(&MinimalSubscriber::topic_callback, this, _1))[m[K;
[1.305s]       |       [01;31m[K~~~~~~~~~~~~~~~~~~~~~~~~~~~~~~~~~~~~~~~~~~~~~~~~~~~~~~~~~~~~~~~~~~~~~~~~~~~~[m[K                 
[1.550s] gmake[2]: *** [CMakeFiles/get.dir/build.make:76: CMakeFiles/get.dir/src/dynamixel_controller_sub.cpp.o] Error 1
[1.550s] gmake[1]: *** [CMakeFiles/Makefile2:195: CMakeFiles/get.dir/all] Error 2
[1.550s] gmake: *** [Makefile:146: all] Error 2
[1.554s] Invoked command in '/home/robo/ros2_dy_ws/src/build/dynamixel_sdk_examples' returned '2': AMENT_PREFIX_PATH=/home/robo/ros2_dy_ws/src/install/dynamixel_sdk_custom_interfaces:/home/robo/ros2_dy_ws/src/install/dynamixel_sdk:${AMENT_PREFIX_PATH} CMAKE_PREFIX_PATH=/home/robo/ros2_dy_ws/src/install/dynamixel_sdk_custom_interfaces:/home/robo/ros2_dy_ws/src/install/dynamixel_sdk:/home/robo/ros2_dy_ws/install/dynamixel_sdk_examples:/home/robo/ros2_dy_ws/install/dynamixel_sdk_custom_interfaces:/home/robo/ros2_dy_ws/install/dynamixel_sdk:/home/robo/ros2_dy_ws/install/cpp_pubsub:/home/robo/ros2_dy_ws/src/DynamixelSDK/dynamixel_sdk_examples/install/dynamixel_sdk_examples:/home/robo/positionmotor_massi_pkg/install/positionmotor_massi_pkg:/home/robo/lixo/install/dynamixel_sdk_examples:/home/robo/lixo/install/dynamixel_sdk_custom_interfaces:/home/robo/lixo/install/dynamixel_sdk:/home/robo/ros2_ws/install/turtlesim:/home/robo/ros2_ws/install/positionmotor_massi_pkg:/opt/ros/humble LD_LIBRARY_PATH=/home/robo/ros2_dy_ws/src/install/dynamixel_sdk_custom_interfaces/lib:/home/robo/ros2_dy_ws/src/install/dynamixel_sdk/lib:${LD_LIBRARY_PATH} PYTHONPATH=/home/robo/ros2_dy_ws/src/install/dynamixel_sdk_custom_interfaces/local/lib/python3.10/dist-packages:${PYTHONPATH} /home/robo/.local/bin/cmake --build /home/robo/ros2_dy_ws/src/build/dynamixel_sdk_examples -- -j12 -l12
