[01m[K/home/robo/ros2_dy_ws/src/DynamixelSDK/dynamixel_sdk_examples/src/dynamixel_controller_sub.cpp:[m[K In constructor â€˜[01m[KMinimalSubscriber::MinimalSubscriber()[m[Kâ€™:
[01m[K/home/robo/ros2_dy_ws/src/DynamixelSDK/dynamixel_sdk_examples/src/dynamixel_controller_sub.cpp:15:87:[m[K [01;31m[Kerror: [m[Kâ€˜[01m[KGetPosition[m[Kâ€™ is not a member of â€˜[01m[Kdynamixel_sdk_custom_interfaces::msg[m[Kâ€™; did you mean â€˜[01m[KSetPosition[m[Kâ€™?
   15 |       subscription_ = this->create_subscription<dynamixel_sdk_custom_interfaces::msg::[01;31m[KGetPosition[m[K>(
      |                                                                                       [01;31m[K^~~~~~~~~~~[m[K
      |                                                                                       [32m[KSetPosition[m[K
[01m[K/home/robo/ros2_dy_ws/src/DynamixelSDK/dynamixel_sdk_examples/src/dynamixel_controller_sub.cpp:15:99:[m[K [01;31m[Kerror: [m[Kno matching function for call to â€˜[01m[KMinimalSubscriber::create_subscription<<expression error> >(const char [13], int, std::_Bind_helper<false, void (MinimalSubscriber::*)(std::shared_ptr<dynamixel_sdk_custom_interfaces::msg::SetPosition_<std::allocator<void> > >) const, MinimalSubscriber*, const std::_Placeholder<1>&>::type)[m[Kâ€™
   15 |       subscription_ = [01;31m[Kthis->create_subscription<dynamixel_sdk_custom_interfaces::msg::GetPosition>([m[K
      |                       [01;31m[K~~~~~~~~~~~~~~~~~~~~~~~~~~~~~~~~~~~~~~~~~~~~~~~~~~~~~~~~~~~~~~~~~~~~~~~~~~~~^[m[K
   16 | [01;31m[K      "get_position", 10, std::bind(&MinimalSubscriber::topic_callback, this, _1))[m[K;
      |       [01;31m[K~~~~~~~~~~~~~~~~~~~~~~~~~~~~~~~~~~~~~~~~~~~~~~~~~~~~~~~~~~~~~~~~~~~~~~~~~~~~[m[K                 
In file included from [01m[K/opt/ros/humble/include/rclcpp/rclcpp/executors/single_threaded_executor.hpp:28[m[K,
                 from [01m[K/opt/ros/humble/include/rclcpp/rclcpp/executors.hpp:22[m[K,
                 from [01m[K/opt/ros/humble/include/rclcpp/rclcpp/rclcpp.hpp:155[m[K,
                 from [01m[K/home/robo/ros2_dy_ws/src/DynamixelSDK/dynamixel_sdk_examples/src/dynamixel_controller_sub.cpp:6[m[K:
[01m[K/opt/ros/humble/include/rclcpp/rclcpp/node.hpp:219:3:[m[K [01;36m[Knote: [m[Kcandidate: â€˜[01m[Ktemplate<class MessageT, class CallbackT, class AllocatorT, class SubscriptionT, class MessageMemoryStrategyT> std::shared_ptr<ROSMessageT> rclcpp::Node::create_subscription(const string&, const rclcpp::QoS&, CallbackT&&, const rclcpp::SubscriptionOptionsWithAllocator<AllocatorT>&, typename MessageMemoryStrategyT::SharedPtr)[m[Kâ€™
  219 |   [01;36m[Kcreate_subscription[m[K(
      |   [01;36m[K^~~~~~~~~~~~~~~~~~~[m[K
[01m[K/opt/ros/humble/include/rclcpp/rclcpp/node.hpp:219:3:[m[K [01;36m[Knote: [m[K  template argument deduction/substitution failed:
[01m[K/home/robo/ros2_dy_ws/src/DynamixelSDK/dynamixel_sdk_examples/src/dynamixel_controller_sub.cpp:15:99:[m[K [01;31m[Kerror: [m[Ktemplate argument 1 is invalid
   15 |       subscription_ = [01;31m[Kthis->create_subscription<dynamixel_sdk_custom_interfaces::msg::GetPosition>([m[K
      |                       [01;31m[K~~~~~~~~~~~~~~~~~~~~~~~~~~~~~~~~~~~~~~~~~~~~~~~~~~~~~~~~~~~~~~~~~~~~~~~~~~~~^[m[K
   16 | [01;31m[K      "get_position", 10, std::bind(&MinimalSubscriber::topic_callback, this, _1))[m[K;
      |       [01;31m[K~~~~~~~~~~~~~~~~~~~~~~~~~~~~~~~~~~~~~~~~~~~~~~~~~~~~~~~~~~~~~~~~~~~~~~~~~~~~[m[K                 
gmake[2]: *** [CMakeFiles/get.dir/build.make:76: CMakeFiles/get.dir/src/dynamixel_controller_sub.cpp.o] Error 1
gmake[1]: *** [CMakeFiles/Makefile2:195: CMakeFiles/get.dir/all] Error 2
gmake[1]: *** Waiting for unfinished jobs....
[01m[K/home/robo/ros2_dy_ws/src/DynamixelSDK/dynamixel_sdk_examples/src/dynamixel_controller_pub.cpp:[m[K In member function â€˜[01m[Kvoid MinimalPublisher::timer_callback()[m[Kâ€™:
[01m[K/home/robo/ros2_dy_ws/src/DynamixelSDK/dynamixel_sdk_examples/src/dynamixel_controller_pub.cpp:33:29:[m[K [01;31m[Kerror: [m[Kâ€˜[01m[Kset_position[m[Kâ€™ was not declared in this scope
   33 |         publisher_->publish([01;31m[Kset_position[m[K);
      |                             [01;31m[K^~~~~~~~~~~~[m[K
gmake[2]: *** [CMakeFiles/set.dir/build.make:76: CMakeFiles/set.dir/src/dynamixel_controller_pub.cpp.o] Error 1
gmake[1]: *** [CMakeFiles/Makefile2:169: CMakeFiles/set.dir/all] Error 2
gmake: *** [Makefile:146: all] Error 2
