[0.012s] Invoking command in '/home/robo/ros2_dy_ws/build/dynamixel_sdk_examples': CMAKE_PREFIX_PATH=/home/robo/ros2_dy_ws/install/dynamixel_sdk_custom_interfaces:/home/robo/ros2_dy_ws/install/dynamixel_sdk:/home/robo/positionmotor_massi_pkg/install/positionmotor_massi_pkg:/home/robo/lixo/install/dynamixel_sdk_examples:/home/robo/lixo/install/dynamixel_sdk_custom_interfaces:/home/robo/lixo/install/dynamixel_sdk:/home/robo/ros2_dy_ws/install/dynamixel_sdk_examples:/home/robo/ros2_dy_ws/install/cpp_pubsub:/home/robo/ros2_ws/install/turtlesim:/home/robo/ros2_ws/install/positionmotor_massi_pkg:/opt/ros/humble LD_LIBRARY_PATH=/home/robo/ros2_dy_ws/install/dynamixel_sdk_custom_interfaces/lib:/home/robo/ros2_dy_ws/install/dynamixel_sdk/lib:/home/robo/lixo/install/dynamixel_sdk_custom_interfaces/lib:/home/robo/lixo/install/dynamixel_sdk/lib:/home/robo/ros2_ws/install/turtlesim/lib:/opt/ros/humble/opt/rviz_ogre_vendor/lib:/opt/ros/humble/lib/x86_64-linux-gnu:/opt/ros/humble/lib /home/robo/.local/bin/cmake --build /home/robo/ros2_dy_ws/build/dynamixel_sdk_examples -- -j12 -l12
[0.048s] [ 25%] Built target get
[0.048s] [ 37%] [32mBuilding CXX object CMakeFiles/set.dir/src/dynamixel_controller_pub.cpp.o[0m
[0.049s] [ 62%] Built target read_write_node
[0.049s] [ 87%] Built target controller
[1.393s] [01m[K/home/robo/ros2_dy_ws/src/DynamixelSDK/dynamixel_sdk_examples/src/dynamixel_controller_pub.cpp:[m[K In member function â€˜[01m[Kvoid MinimalPublisher::timer_callback()[m[Kâ€™:
[1.394s] [01m[K/home/robo/ros2_dy_ws/src/DynamixelSDK/dynamixel_sdk_examples/src/dynamixel_controller_pub.cpp:33:29:[m[K [01;31m[Kerror: [m[Kâ€˜[01m[Kset_position[m[Kâ€™ was not declared in this scope
[1.394s]    33 |         publisher_->publish([01;31m[Kset_position[m[K);
[1.394s]       |                             [01;31m[K^~~~~~~~~~~~[m[K
[1.801s] gmake[2]: *** [CMakeFiles/set.dir/build.make:76: CMakeFiles/set.dir/src/dynamixel_controller_pub.cpp.o] Error 1
[1.802s] gmake[1]: *** [CMakeFiles/Makefile2:169: CMakeFiles/set.dir/all] Error 2
[1.802s] gmake: *** [Makefile:146: all] Error 2
[1.806s] Invoked command in '/home/robo/ros2_dy_ws/build/dynamixel_sdk_examples' returned '2': CMAKE_PREFIX_PATH=/home/robo/ros2_dy_ws/install/dynamixel_sdk_custom_interfaces:/home/robo/ros2_dy_ws/install/dynamixel_sdk:/home/robo/positionmotor_massi_pkg/install/positionmotor_massi_pkg:/home/robo/lixo/install/dynamixel_sdk_examples:/home/robo/lixo/install/dynamixel_sdk_custom_interfaces:/home/robo/lixo/install/dynamixel_sdk:/home/robo/ros2_dy_ws/install/dynamixel_sdk_examples:/home/robo/ros2_dy_ws/install/cpp_pubsub:/home/robo/ros2_ws/install/turtlesim:/home/robo/ros2_ws/install/positionmotor_massi_pkg:/opt/ros/humble LD_LIBRARY_PATH=/home/robo/ros2_dy_ws/install/dynamixel_sdk_custom_interfaces/lib:/home/robo/ros2_dy_ws/install/dynamixel_sdk/lib:/home/robo/lixo/install/dynamixel_sdk_custom_interfaces/lib:/home/robo/lixo/install/dynamixel_sdk/lib:/home/robo/ros2_ws/install/turtlesim/lib:/opt/ros/humble/opt/rviz_ogre_vendor/lib:/opt/ros/humble/lib/x86_64-linux-gnu:/opt/ros/humble/lib /home/robo/.local/bin/cmake --build /home/robo/ros2_dy_ws/build/dynamixel_sdk_examples -- -j12 -l12
