[0.009s] Invoking command in '/home/robo/ros2_dy_ws/src/build/dynamixel_sdk_examples': AMENT_PREFIX_PATH=/home/robo/ros2_dy_ws/src/install/dynamixel_sdk_custom_interfaces:/home/robo/ros2_dy_ws/src/install/dynamixel_sdk:${AMENT_PREFIX_PATH} CMAKE_PREFIX_PATH=/home/robo/ros2_dy_ws/src/install/dynamixel_sdk_custom_interfaces:/home/robo/ros2_dy_ws/src/install/dynamixel_sdk:/home/robo/ros2_dy_ws/install/dynamixel_sdk_examples:/home/robo/ros2_dy_ws/install/dynamixel_sdk_custom_interfaces:/home/robo/ros2_dy_ws/install/dynamixel_sdk:/home/robo/ros2_dy_ws/install/cpp_pubsub:/home/robo/ros2_dy_ws/src/DynamixelSDK/dynamixel_sdk_examples/install/dynamixel_sdk_examples:/home/robo/positionmotor_massi_pkg/install/positionmotor_massi_pkg:/home/robo/lixo/install/dynamixel_sdk_examples:/home/robo/lixo/install/dynamixel_sdk_custom_interfaces:/home/robo/lixo/install/dynamixel_sdk:/home/robo/ros2_ws/install/turtlesim:/home/robo/ros2_ws/install/positionmotor_massi_pkg:/opt/ros/humble LD_LIBRARY_PATH=/home/robo/ros2_dy_ws/src/install/dynamixel_sdk_custom_interfaces/lib:/home/robo/ros2_dy_ws/src/install/dynamixel_sdk/lib:${LD_LIBRARY_PATH} PYTHONPATH=/home/robo/ros2_dy_ws/src/install/dynamixel_sdk_custom_interfaces/local/lib/python3.10/dist-packages:${PYTHONPATH} /home/robo/.local/bin/cmake --build /home/robo/ros2_dy_ws/src/build/dynamixel_sdk_examples -- -j12 -l12
[0.043s] [ 25%] Built target read_write_node
[0.043s] [ 50%] Built target set
[0.046s] [ 75%] Built target controller
[0.049s] [ 87%] [32mBuilding CXX object CMakeFiles/get.dir/src/dynamixel_controller_sub.cpp.o[0m
[1.269s] [01m[K/home/robo/ros2_dy_ws/src/DynamixelSDK/dynamixel_sdk_examples/src/dynamixel_controller_sub.cpp:19:57:[m[K [01;31m[Kerror: [m[Kâ€˜[01m[Ksrv[m[Kâ€™ in namespace â€˜[01m[Kdynamixel_sdk_custom_interfaces[m[Kâ€™ does not name a type
[1.269s]    19 |     void service(const dynamixel_sdk_custom_interfaces::[01;31m[Ksrv[m[K::GetPosition::Request response) const
[1.269s]       |                                                         [01;31m[K^~~[m[K
[1.270s] [01m[K/home/robo/ros2_dy_ws/src/DynamixelSDK/dynamixel_sdk_examples/src/dynamixel_controller_sub.cpp:19:73:[m[K [01;31m[Kerror: [m[Kexpected unqualified-id before â€˜[01m[K::[m[Kâ€™ token
[1.270s]    19 |     void service(const dynamixel_sdk_custom_interfaces::srv::GetPosition[01;31m[K::[m[KRequest response) const
[1.270s]       |                                                                         [01;31m[K^~[m[K
[1.270s] [01m[K/home/robo/ros2_dy_ws/src/DynamixelSDK/dynamixel_sdk_examples/src/dynamixel_controller_sub.cpp:19:73:[m[K [01;31m[Kerror: [m[Kexpected â€˜[01m[K)[m[Kâ€™ before â€˜[01m[K::[m[Kâ€™ token
[1.270s]    19 |     void service[34m[K([m[Kconst dynamixel_sdk_custom_interfaces::srv::GetPosition[01;31m[K:[m[K[32m[K:[m[KRequest response) const
[1.270s]       |                 [34m[K~[m[K                                                       [01;31m[K^[m[K[32m[K~[m[K
[1.270s]       |                                                                         [32m[K)[m[K
[1.270s] [01m[K/home/robo/ros2_dy_ws/src/DynamixelSDK/dynamixel_sdk_examples/src/dynamixel_controller_sub.cpp:19:62:[m[K [01;31m[Kerror: [m[Kexpected â€˜[01m[K;[m[Kâ€™ at end of member declaration
[1.270s]    19 |     void service(const dynamixel_sdk_custom_interfaces::srv::[01;31m[KGetPosition[m[K::Request response) const
[1.270s]       |                                                              [01;31m[K^~~~~~~~~~~[m[K
[1.270s]       |                                                                         [32m[K;[m[K
[1.270s] [01m[K/home/robo/ros2_dy_ws/src/DynamixelSDK/dynamixel_sdk_examples/src/dynamixel_controller_sub.cpp:19:75:[m[K [01;31m[Kerror: [m[Kâ€˜[01m[KRequest[m[Kâ€™ in namespace â€˜[01m[K::[m[Kâ€™ does not name a type
[1.271s]    19 |     void service(const dynamixel_sdk_custom_interfaces::srv::GetPosition::[01;31m[KRequest[m[K response) const
[1.271s]       |                                                                           [01;31m[K^~~~~~~[m[K
[1.271s] [01m[K/home/robo/ros2_dy_ws/src/DynamixelSDK/dynamixel_sdk_examples/src/dynamixel_controller_sub.cpp:23:59:[m[K [01;31m[Kerror: [m[Kâ€˜[01m[Ksrv[m[Kâ€™ is not a member of â€˜[01m[Kdynamixel_sdk_custom_interfaces[m[Kâ€™; did you mean â€˜[01m[Krcl_interfaces::srv[m[Kâ€™?
[1.271s]    23 |     rclcpp::Subscription<dynamixel_sdk_custom_interfaces::[01;31m[Ksrv[m[K::GetPosition>::SharedPtr subscription_;
[1.271s]       |                                                           [01;31m[K^~~[m[K
[1.271s] In file included from [01m[K/opt/ros/humble/include/rcl_interfaces/rcl_interfaces/srv/describe_parameters.hpp:7[m[K,
[1.271s]                  from [01m[K/opt/ros/humble/include/rclcpp/rclcpp/parameter_client.hpp:28[m[K,
[1.271s]                  from [01m[K/opt/ros/humble/include/rclcpp/rclcpp/rclcpp.hpp:159[m[K,
[1.271s]                  from [01m[K/home/robo/ros2_dy_ws/src/DynamixelSDK/dynamixel_sdk_examples/src/dynamixel_controller_sub.cpp:6[m[K:
[1.271s] [01m[K/opt/ros/humble/include/rcl_interfaces/rcl_interfaces/srv/detail/describe_parameters__struct.hpp:27:11:[m[K [01;36m[Knote: [m[Kâ€˜[01m[Krcl_interfaces::srv[m[Kâ€™ declared here
[1.271s]    27 | namespace [01;36m[Ksrv[m[K
[1.271s]       |           [01;36m[K^~~[m[K
[1.271s] [01m[K/home/robo/ros2_dy_ws/src/DynamixelSDK/dynamixel_sdk_examples/src/dynamixel_controller_sub.cpp:23:75:[m[K [01;31m[Kerror: [m[Ktemplate argument 1 is invalid
[1.271s]    23 |     rclcpp::Subscription<dynamixel_sdk_custom_interfaces::srv::GetPosition[01;31m[K>[m[K::SharedPtr subscription_;
[1.271s]       |                                                                           [01;31m[K^[m[K
[1.272s] [01m[K/home/robo/ros2_dy_ws/src/DynamixelSDK/dynamixel_sdk_examples/src/dynamixel_controller_sub.cpp:23:75:[m[K [01;31m[Kerror: [m[Ktemplate argument 3 is invalid
[1.272s] [01m[K/home/robo/ros2_dy_ws/src/DynamixelSDK/dynamixel_sdk_examples/src/dynamixel_controller_sub.cpp:23:75:[m[K [01;31m[Kerror: [m[Ktemplate argument 4 is invalid
[1.272s] [01m[K/home/robo/ros2_dy_ws/src/DynamixelSDK/dynamixel_sdk_examples/src/dynamixel_controller_sub.cpp:23:75:[m[K [01;31m[Kerror: [m[Ktemplate argument 5 is invalid
[1.272s] [01m[K/home/robo/ros2_dy_ws/src/DynamixelSDK/dynamixel_sdk_examples/src/dynamixel_controller_sub.cpp:23:78:[m[K [01;31m[Kerror: [m[Kexpected â€˜[01m[K;[m[Kâ€™ at end of member declaration
[1.272s]    23 |     rclcpp::Subscription<dynamixel_sdk_custom_interfaces::srv::GetPosition>::[01;31m[KSharedPtr[m[K subscription_;
[1.272s]       |                                                                              [01;31m[K^~~~~~~~~[m[K
[1.272s]       |                                                                                       [32m[K;[m[K
[1.272s] [01m[K/home/robo/ros2_dy_ws/src/DynamixelSDK/dynamixel_sdk_examples/src/dynamixel_controller_sub.cpp:23:88:[m[K [01;31m[Kerror: [m[Kâ€˜[01m[Ksubscription_[m[Kâ€™ does not name a type; did you mean â€˜[01m[Krmw_subscription_t[m[Kâ€™?
[1.272s]    23 |     rclcpp::Subscription<dynamixel_sdk_custom_interfaces::srv::GetPosition>::SharedPtr [01;31m[Ksubscription_[m[K;
[1.272s]       |                                                                                        [01;31m[K^~~~~~~~~~~~~[m[K
[1.272s]       |                                                                                        [32m[Krmw_subscription_t[m[K
[1.276s] [01m[K/home/robo/ros2_dy_ws/src/DynamixelSDK/dynamixel_sdk_examples/src/dynamixel_controller_sub.cpp:[m[K In constructor â€˜[01m[KMinimalSubscriber::MinimalSubscriber()[m[Kâ€™:
[1.276s] [01m[K/home/robo/ros2_dy_ws/src/DynamixelSDK/dynamixel_sdk_examples/src/dynamixel_controller_sub.cpp:15:7:[m[K [01;31m[Kerror: [m[Kâ€˜[01m[Ksubscription_[m[Kâ€™ was not declared in this scope; did you mean â€˜[01m[Krmw_subscription_t[m[Kâ€™?
[1.276s]    15 |       [01;31m[Ksubscription_[m[K = this->request<dynamixel_sdk_custom_interfaces::srv::GetPosition>(
[1.276s]       |       [01;31m[K^~~~~~~~~~~~~[m[K
[1.276s]       |       [32m[Krmw_subscription_t[m[K
[1.277s] [01m[K/home/robo/ros2_dy_ws/src/DynamixelSDK/dynamixel_sdk_examples/src/dynamixel_controller_sub.cpp:15:29:[m[K [01;31m[Kerror: [m[Kâ€˜[01m[Kclass MinimalSubscriber[m[Kâ€™ has no member named â€˜[01m[Krequest[m[Kâ€™
[1.277s]    15 |       subscription_ = this->[01;31m[Krequest[m[K<dynamixel_sdk_custom_interfaces::srv::GetPosition>(
[1.277s]       |                             [01;31m[K^~~~~~~[m[K
[1.277s] [01m[K/home/robo/ros2_dy_ws/src/DynamixelSDK/dynamixel_sdk_examples/src/dynamixel_controller_sub.cpp:15:70:[m[K [01;31m[Kerror: [m[Kâ€˜[01m[Kdynamixel_sdk_custom_interfaces::srv[m[Kâ€™ has not been declared
[1.277s]    15 |       subscription_ = this->request<dynamixel_sdk_custom_interfaces::[01;31m[Ksrv[m[K::GetPosition>(
[1.277s]       |                                                                      [01;31m[K^~~[m[K
[1.279s] [01m[K/home/robo/ros2_dy_ws/src/DynamixelSDK/dynamixel_sdk_examples/src/dynamixel_controller_sub.cpp:16:7:[m[K [01;35m[Kwarning: [m[Kleft operand of comma operator has no effect [[01;35m[K]8;;https://gcc.gnu.org/onlinedocs/gcc/Warning-Options.html#index-Wunused-value-Wunused-value]8;;[m[K]
[1.279s]    16 |       [01;35m[K"get_position"[m[K, 10, std::bind(&MinimalSubscriber::service, this, _1));
[1.279s]       |       [01;35m[K^~~~~~~~~~~~~~[m[K
[1.282s] [01m[K/home/robo/ros2_dy_ws/src/DynamixelSDK/dynamixel_sdk_examples/src/dynamixel_controller_sub.cpp:16:74:[m[K [01;35m[Kwarning: [m[Kright operand of comma operator has no effect [[01;35m[K]8;;https://gcc.gnu.org/onlinedocs/gcc/Warning-Options.html#index-Wunused-value-Wunused-value]8;;[m[K]
[1.282s]    16 |       "get_position", 10, std::bind(&MinimalSubscriber::service, this, _1[01;35m[K)[m[K);
[1.282s]       |                                                                          [01;35m[K^[m[K
[1.523s] gmake[2]: *** [CMakeFiles/get.dir/build.make:76: CMakeFiles/get.dir/src/dynamixel_controller_sub.cpp.o] Error 1
[1.524s] gmake[1]: *** [CMakeFiles/Makefile2:195: CMakeFiles/get.dir/all] Error 2
[1.524s] gmake: *** [Makefile:146: all] Error 2
[1.528s] Invoked command in '/home/robo/ros2_dy_ws/src/build/dynamixel_sdk_examples' returned '2': AMENT_PREFIX_PATH=/home/robo/ros2_dy_ws/src/install/dynamixel_sdk_custom_interfaces:/home/robo/ros2_dy_ws/src/install/dynamixel_sdk:${AMENT_PREFIX_PATH} CMAKE_PREFIX_PATH=/home/robo/ros2_dy_ws/src/install/dynamixel_sdk_custom_interfaces:/home/robo/ros2_dy_ws/src/install/dynamixel_sdk:/home/robo/ros2_dy_ws/install/dynamixel_sdk_examples:/home/robo/ros2_dy_ws/install/dynamixel_sdk_custom_interfaces:/home/robo/ros2_dy_ws/install/dynamixel_sdk:/home/robo/ros2_dy_ws/install/cpp_pubsub:/home/robo/ros2_dy_ws/src/DynamixelSDK/dynamixel_sdk_examples/install/dynamixel_sdk_examples:/home/robo/positionmotor_massi_pkg/install/positionmotor_massi_pkg:/home/robo/lixo/install/dynamixel_sdk_examples:/home/robo/lixo/install/dynamixel_sdk_custom_interfaces:/home/robo/lixo/install/dynamixel_sdk:/home/robo/ros2_ws/install/turtlesim:/home/robo/ros2_ws/install/positionmotor_massi_pkg:/opt/ros/humble LD_LIBRARY_PATH=/home/robo/ros2_dy_ws/src/install/dynamixel_sdk_custom_interfaces/lib:/home/robo/ros2_dy_ws/src/install/dynamixel_sdk/lib:${LD_LIBRARY_PATH} PYTHONPATH=/home/robo/ros2_dy_ws/src/install/dynamixel_sdk_custom_interfaces/local/lib/python3.10/dist-packages:${PYTHONPATH} /home/robo/.local/bin/cmake --build /home/robo/ros2_dy_ws/src/build/dynamixel_sdk_examples -- -j12 -l12
