[01m[K/home/robo/ros2_dy_ws/src/DynamixelSDK/dynamixel_sdk_examples/src/dynamixel_controller_pub.cpp:[m[K In member function â€˜[01m[Kvoid MinimalPublisher::timer_callback()[m[Kâ€™:
[01m[K/home/robo/ros2_dy_ws/src/DynamixelSDK/dynamixel_sdk_examples/src/dynamixel_controller_pub.cpp:33:29:[m[K [01;31m[Kerror: [m[Kâ€˜[01m[Kset_position[m[Kâ€™ was not declared in this scope
   33 |         publisher_->publish([01;31m[Kset_position[m[K);
      |                             [01;31m[K^~~~~~~~~~~~[m[K
gmake[2]: *** [CMakeFiles/set.dir/build.make:76: CMakeFiles/set.dir/src/dynamixel_controller_pub.cpp.o] Error 1
gmake[1]: *** [CMakeFiles/Makefile2:169: CMakeFiles/set.dir/all] Error 2
gmake[1]: *** Waiting for unfinished jobs....
gmake: *** [Makefile:146: all] Error 2
